Command line invocation:
    /Applications/Xcode.app/Contents/Developer/usr/bin/xcodebuild build -project HavenApp.xcodeproj -scheme HavenApp-iOS -destination generic/platform=iOS

ComputePackagePrebuildTargetDependencyGraph

Prepare packages

CreateBuildRequest

SendProjectDescription

CreateBuildOperation

ComputeTargetDependencyGraph
note: Building targets in dependency order
note: Target dependency graph (1 target)
    Target 'HavenApp-iOS' in project 'HavenApp' (no dependencies)

GatherProvisioningInputs

CreateBuildDescription

ExecuteExternalTool /Applications/Xcode.app/Contents/Developer/Toolchains/XcodeDefault.xctoolchain/usr/bin/clang -v -E -dM -isysroot /Applications/Xcode.app/Contents/Developer/Platforms/iPhoneOS.platform/Developer/SDKs/iPhoneOS26.5.sdk -x c -c /dev/null

ExecuteExternalTool /Applications/Xcode.app/Contents/Developer/usr/bin/actool --print-asset-tag-combinations --output-format xml1 /Users/logandetty/haven/HavenApp/Resources/Assets.xcassets

ExecuteExternalTool /Applications/Xcode.app/Contents/Developer/usr/bin/actool --version --output-format xml1

ExecuteExternalTool /Applications/Xcode.app/Contents/Developer/Toolchains/XcodeDefault.xctoolchain/usr/bin/swiftc --version

ExecuteExternalTool /Applications/Xcode.app/Contents/Developer/Toolchains/XcodeDefault.xctoolchain/usr/bin/ld -version_details

Build description signature: 895e2945ffed946d5e8f76585be8b42d
Build description path: /Users/logandetty/Library/Developer/Xcode/DerivedData/HavenApp-cznmngmmfzrcobcatithegamjdyo/Build/Intermediates.noindex/XCBuildData/895e2945ffed946d5e8f76585be8b42d.xcbuilddata
ClangStatCache /Applications/Xcode.app/Contents/Developer/Toolchains/XcodeDefault.xctoolchain/usr/bin/clang-stat-cache /Applications/Xcode.app/Contents/Developer/Platforms/iPhoneOS.platform/Developer/SDKs/iPhoneOS26.5.sdk /Users/logandetty/Library/Developer/Xcode/DerivedData/SDKStatCaches.noindex/iphoneos26.5-23F73-32daed1954a7d5dd0789fcaf2a9bb78b.sdkstatcache
    cd /Users/logandetty/haven/HavenApp/HavenApp.xcodeproj
    /Applications/Xcode.app/Contents/Developer/Toolchains/XcodeDefault.xctoolchain/usr/bin/clang-stat-cache /Applications/Xcode.app/Contents/Developer/Platforms/iPhoneOS.platform/Developer/SDKs/iPhoneOS26.5.sdk -o /Users/logandetty/Library/Developer/Xcode/DerivedData/SDKStatCaches.noindex/iphoneos26.5-23F73-32daed1954a7d5dd0789fcaf2a9bb78b.sdkstatcache

ProcessInfoPlistFile /Users/logandetty/Library/Developer/Xcode/DerivedData/HavenApp-cznmngmmfzrcobcatithegamjdyo/Build/Products/Release-iphoneos/HavenApp-iOS.app/Info.plist /Users/logandetty/haven/HavenApp/HavenApp-iOS/Info.plist (in target 'HavenApp-iOS' from project 'HavenApp')
    cd /Users/logandetty/haven/HavenApp
    builtin-infoPlistUtility /Users/logandetty/haven/HavenApp/HavenApp-iOS/Info.plist -producttype com.apple.product-type.application -genpkginfo /Users/logandetty/Library/Developer/Xcode/DerivedData/HavenApp-cznmngmmfzrcobcatithegamjdyo/Build/Products/Release-iphoneos/HavenApp-iOS.app/PkgInfo -expandbuildsettings -format binary -platform iphoneos -additionalcontentfile /Users/logandetty/Library/Developer/Xcode/DerivedData/HavenApp-cznmngmmfzrcobcatithegamjdyo/Build/Intermediates.noindex/HavenApp.build/Release-iphoneos/HavenApp-iOS.build/assetcatalog_generated_info.plist -requiredArchitecture arm64 -o /Users/logandetty/Library/Developer/Xcode/DerivedData/HavenApp-cznmngmmfzrcobcatithegamjdyo/Build/Products/Release-iphoneos/HavenApp-iOS.app/Info.plist

** BUILD SUCCEEDED **

